16-Apr-2024 10:40:14.482 INFO [main] org.apache.catalina.core.ApplicationContext.log ContextListener: contextInitialized()
16-Apr-2024 10:40:14.482 INFO [main] org.apache.catalina.core.ApplicationContext.log SessionListener: contextInitialized()
16-Apr-2024 10:40:14.483 INFO [main] org.apache.catalina.core.ApplicationContext.log ContextListener: attributeAdded('StockTicker', 'async.Stockticker@4fcee388')
16-Apr-2024 10:40:53.493 INFO [main] org.apache.catalina.core.ApplicationContext.log SessionListener: contextDestroyed()
16-Apr-2024 10:40:53.494 INFO [main] org.apache.catalina.core.ApplicationContext.log ContextListener: contextDestroyed()
16-Apr-2024 10:41:07.546 INFO [main] org.apache.catalina.core.ApplicationContext.log ContextListener: contextInitialized()
16-Apr-2024 10:41:07.546 INFO [main] org.apache.catalina.core.ApplicationContext.log SessionListener: contextInitialized()
16-Apr-2024 10:41:07.546 INFO [main] org.apache.catalina.core.ApplicationContext.log ContextListener: attributeAdded('StockTicker', 'async.Stockticker@72ccd81a')
16-Apr-2024 10:43:59.033 INFO [main] org.apache.catalina.core.ApplicationContext.log SessionListener: contextDestroyed()
16-Apr-2024 10:43:59.033 INFO [main] org.apache.catalina.core.ApplicationContext.log ContextListener: contextDestroyed()
16-Apr-2024 10:44:08.363 INFO [main] org.apache.catalina.core.ApplicationContext.log ContextListener: contextInitialized()
16-Apr-2024 10:44:08.363 INFO [main] org.apache.catalina.core.ApplicationContext.log SessionListener: contextInitialized()
16-Apr-2024 10:44:08.363 INFO [main] org.apache.catalina.core.ApplicationContext.log ContextListener: attributeAdded('StockTicker', 'async.Stockticker@72ccd81a')
16-Apr-2024 10:48:06.435 INFO [main] org.apache.catalina.core.ApplicationContext.log ContextListener: contextInitialized()
16-Apr-2024 10:48:06.435 INFO [main] org.apache.catalina.core.ApplicationContext.log SessionListener: contextInitialized()
16-Apr-2024 10:48:06.436 INFO [main] org.apache.catalina.core.ApplicationContext.log ContextListener: attributeAdded('StockTicker', 'async.Stockticker@46e8a539')
16-Apr-2024 10:48:06.457 INFO [main] org.apache.catalina.core.ApplicationContext.log SessionListener: contextDestroyed()
16-Apr-2024 10:48:06.457 INFO [main] org.apache.catalina.core.ApplicationContext.log ContextListener: contextDestroyed()
16-Apr-2024 14:02:54.984 INFO [main] org.apache.catalina.core.ApplicationContext.log SessionListener: contextDestroyed()
16-Apr-2024 14:02:54.984 INFO [main] org.apache.catalina.core.ApplicationContext.log ContextListener: contextDestroyed()
16-Apr-2024 14:06:23.802 INFO [main] org.apache.catalina.core.ApplicationContext.log ContextListener: contextInitialized()
16-Apr-2024 14:06:23.802 INFO [main] org.apache.catalina.core.ApplicationContext.log SessionListener: contextInitialized()
16-Apr-2024 14:06:23.803 INFO [main] org.apache.catalina.core.ApplicationContext.log ContextListener: attributeAdded('StockTicker', 'async.Stockticker@72ccd81a')
16-Apr-2024 17:50:32.527 INFO [main] org.apache.catalina.core.ApplicationContext.log SessionListener: contextDestroyed()
16-Apr-2024 17:50:32.527 INFO [main] org.apache.catalina.core.ApplicationContext.log ContextListener: contextDestroyed()
16-Apr-2024 23:13:17.461 INFO [main] org.apache.catalina.core.ApplicationContext.log ContextListener: contextInitialized()
16-Apr-2024 23:13:17.461 INFO [main] org.apache.catalina.core.ApplicationContext.log SessionListener: contextInitialized()
16-Apr-2024 23:13:17.461 INFO [main] org.apache.catalina.core.ApplicationContext.log ContextListener: attributeAdded('StockTicker', 'async.Stockticker@65e61854')
